    Finished `dev` profile [unoptimized + debuginfo] target(s) in 0.15s
     Running `target/debug/examples/backup_restore`
🦴 LoamSpine Backup & Restore Demo

━━━━━━━━━━━━━━━━━━━━━━━━━━━━━━━━━━━━━━━━━━━━━━━━━━━━━━━

━━━━━━━━━━━━━━━━━━━━━━━━━━━━━━━━━━━━━━━━━━━━━━━━━━━━━━━
📋 Step 1: Creating Original Spine

✅ Spine created:
   Spine ID: 019b529f-2cab-7d01-99b8-9ad5cf0ce931
   Owner: did:example:alice
   Name: Backup Demo Spine

📝 Adding 5 entries...

  ✅ Entry 1 added
  ✅ Entry 2 added
  ✅ Entry 3 added
  ✅ Entry 4 added
  ✅ Entry 5 added

📊 Original Spine State:
   Total Entries: 6
   Genesis: [208, 7, 86, 179, 194, 181, 184, 87]
   Tip: [24, 192, 105, 150, 109, 238, 71, 225]

━━━━━━━━━━━━━━━━━━━━━━━━━━━━━━━━━━━━━━━━━━━━━━━━━━━━━━━
💾 Step 2: Creating Backup

✅ Backup created:
   Format Version: 1
   Spine ID: 019b529f-2cab-7d01-99b8-9ad5cf0ce931
   Entries: 6
   Certificates: 0
   Description: Demo backup

📄 Serialized to JSON:
   Size: 16504 bytes
   First 200 chars: {
  "version": 1,
  "created_at": 1766617722027761994,
  "spine": {
    "id": "019b529f-2cab-7d01-99b8-9ad5cf0ce931",
    "name": "Backup Demo Spine",
    "owner": "did:example:alice",
    "spine_type...

━━━━━━━━━━━━━━━━━━━━━━━━━━━━━━━━━━━━━━━━━━━━━━━━━━━━━━━
♻️  Step 3: Restoring from Backup

✅ Deserialized backup:
   Spine ID: 019b529f-2cab-7d01-99b8-9ad5cf0ce931
   Entries: 6

✅ Spine restored:
   Spine ID: 019b529f-2cab-7d01-99b8-9ad5cf0ce931
   Owner: did:example:alice
   Name: Backup Demo Spine
   Height: 6

━━━━━━━━━━━━━━━━━━━━━━━━━━━━━━━━━━━━━━━━━━━━━━━━━━━━━━━
✅ Step 4: Verifying Integrity

Comparing original vs restored:

   Spine ID: ✅ Match
   Owner: ✅ Match
   Height: ✅ Match
   Genesis: ✅ Match
   Tip: ✅ Match
   Entry Count: ✅ Match

✅ VERIFICATION PASSED
   All fields match perfectly
   Restoration was successful

━━━━━━━━━━━━━━━━━━━━━━━━━━━━━━━━━━━━━━━━━━━━━━━━━━━━━━━
💡 Backup & Restore Use Cases

📦 Archival:
   • Long-term storage
   • Compliance requirements
   • Historical records

🔄 Migration:
   • Move between storage backends
   • Upgrade LoamSpine versions
   • Transfer between systems

🛡️  Disaster Recovery:
   • Database corruption
   • Hardware failure
   • Accidental deletion

🔍 Forensics:
   • Audit investigations
   • Security analysis
   • Compliance audits

━━━━━━━━━━━━━━━━━━━━━━━━━━━━━━━━━━━━━━━━━━━━━━━━━━━━━━━
📊 Demo Summary

Demonstrated:
   ✅ Spine backup creation
   ✅ JSON serialization
   ✅ Deserialization
   ✅ Spine restoration
   ✅ Integrity verification

Key Features:
   • Complete spine state capture
   • Human-readable JSON format
   • Lossless restoration
   • Integrity preservation

━━━━━━━━━━━━━━━━━━━━━━━━━━━━━━━━━━━━━━━━━━━━━━━━━━━━━━━
