    Blocking waiting for file lock on package cache
    Blocking waiting for file lock on package cache
    Blocking waiting for file lock on package cache
    Finished `dev` profile [unoptimized + debuginfo] target(s) in 0.24s
     Running `target/debug/examples/certificate_lifecycle`
🦴 LoamSpine Certificate Lifecycle Demo

━━━━━━━━━━━━━━━━━━━━━━━━━━━━━━━━━━━━━━━━━━━━━━━━━━━━━━━

📋 Created certificate spine:
   Spine ID: 019b529d-ed54-7a02-b4dd-7c52549d1302
   Owner: did:example:issuer

━━━━━━━━━━━━━━━━━━━━━━━━━━━━━━━━━━━━━━━━━━━━━━━━━━━━━━━
🎫 Step 1: Minting Certificate

✅ Certificate minted:
   Certificate ID: 019b529d-ed54-7a02-b4dd-7c6d1f579cea
   Type: AccessCredential
   Initial Owner: did:example:alice
   Spine Height: 2

━━━━━━━━━━━━━━━━━━━━━━━━━━━━━━━━━━━━━━━━━━━━━━━━━━━━━━━
🔄 Step 2: Transferring to Bob

✅ Certificate transferred:
   From: did:example:alice
   To: did:example:bob
   Spine Height: 3

━━━━━━━━━━━━━━━━━━━━━━━━━━━━━━━━━━━━━━━━━━━━━━━━━━━━━━━
🤝 Step 3: Loaning to Charlie (temporary)

✅ Certificate loaned:
   Owner: did:example:bob (unchanged)
   Temporary Holder: did:example:charlie
   Duration: 31536000 seconds (1 year)
   Spine Height: 4

━━━━━━━━━━━━━━━━━━━━━━━━━━━━━━━━━━━━━━━━━━━━━━━━━━━━━━━
↩️  Step 4: Returning from Loan

✅ Certificate returned:
   From: did:example:charlie
   Back to Owner: did:example:bob
   Spine Height: 5

━━━━━━━━━━━━━━━━━━━━━━━━━━━━━━━━━━━━━━━━━━━━━━━━━━━━━━━
🎁 Step 5: Final Transfer to Dave

✅ Final transfer complete:
   From: did:example:bob
   To: did:example:dave
   Spine Height: 6

━━━━━━━━━━━━━━━━━━━━━━━━━━━━━━━━━━━━━━━━━━━━━━━━━━━━━━━
📊 Certificate Lifecycle Summary

Certificate ID: 019b529d-ed54-7a02-b4dd-7c6d1f579cea
Total Operations: 6

Ownership History:
  1. Minted → Alice
  2. Alice → Bob
  3. Bob → Charlie (loan)
  4. Charlie → Bob (return)
  5. Bob → Dave

Current State:
  Owner: did:example:dave
  Holder: did:example:dave (same as owner)
  Spine Height: 6
  Spine Tip: [214, 38, 138, 105, 181, 87, 163, 82, 3, 28, 12, 88, 69, 126, 230, 105, 250, 206, 8, 141, 62, 197, 243, 74, 126, 106, 24, 128, 90, 133, 43, 206]

✅ Certificate lifecycle complete!

💡 Key Features:
   • Complete provenance history
   • Tamper-proof ownership trail
   • Loan/return capability
   • All changes in spine

━━━━━━━━━━━━━━━━━━━━━━━━━━━━━━━━━━━━━━━━━━━━━━━━━━━━━━━
