    Finished `dev` profile [unoptimized + debuginfo] target(s) in 0.15s
     Running `target/debug/examples/hello_loamspine`
🦴 Hello LoamSpine - Your First Spine

📝 Step 1: Creating a new spine...

✅ Spine created!
   Spine ID: 019b5170-63f9-7470-b7cf-95008ef238b0
   Owner: did:example:alice123
   Created: 1766597878777982254ns
   Entries: 1 (genesis entry)

📝 Step 2: Adding entries to the spine...

   ✅ Added MetadataUpdate entry: 'My first LoamSpine!'
   ✅ Added DataAnchor entry for content

✅ Entries added!
   Total entries: 3
   Current hash: [179, 132, 192, 13, 147, 20, 25, 25, 53, 15, 119, 234, 95, 85, 149, 78, 34, 111, 84, 6, 187, 81, 15, 20, 197, 203, 15, 194, 75, 30, 132, 153]

📝 Step 3: Verifying spine integrity...

   ℹ️  LoamSpine uses BLAKE3 for content-addressing:
      • Each entry is hashed
      • Hashes form a Merkle chain
      • Any tampering is immediately detected

   Entry 1: Genesis (hash: [14, 13, 162, 248, 89, 67, 33, 63, 79, 61, 65, 142, 28, 126, 160, 170, 252, 160, 63, 46, 122, 117, 29, 149, 45, 47, 67, 148, 173, 202, 13, 49])
