    Finished `dev` profile [unoptimized + debuginfo] target(s) in 0.17s
     Running `target/debug/examples/demo_inter_primal`
🦴 Demo: Inter-Primal Integration
==================================

1. Create Service with Capability Registry
-------------------------------------------
✓ Service created with capability registry
  Primals discover each other at runtime
  No hardcoded dependencies!

✓ Spine created: 019b52cc-760b-7741-a66a-4b615ad5e85c

2. Ephemeral Storage → LoamSpine (CommitAcceptor)
--------------------------------------------------
Simulating session dehydration from ephemeral primal...
✓ Session committed to spine!
  Session ID: 019b52cc-760b-7741-a66a-4b7d281059bc
  Entry Index: 1
  Entry Hash: [43, 180, 57, 200, 144, 236, 152, 108, 54, 104, 193, 221, 81, 155, 179, 119, 29, 204, 51, 31, 17, 2, 9, 76, 80, 58, 57, 60, 128, 154, 212, 188]

3. Semantic Attribution → LoamSpine (BraidAcceptor)
----------------------------------------------------
Simulating braid commit from attribution primal...
✓ Braid committed to spine!
  Braid ID: 019b52cc-760b-7741-a66a-4b802d1728ab
  Entry Hash: [51, 52, 90, 195, 110, 244, 178, 234, 104, 252, 31, 32, 245, 47, 49, 44, 221, 64, 31, 153, 219, 207, 56, 101, 10, 216, 156, 147, 7, 2, 30, 198]

4. Capability-Based Discovery
-----------------------------
Checking available capabilities...
  ⊘ Signer capability: Not registered
    (A signing primal would register this at runtime)
  ⊘ Verifier capability: Not registered
    (A verification primal would register this at runtime)

5. Query Committed Entries
--------------------------
Spine now has 3 entries:
  0. "spine"
  1. "session"
  2. "data"

═══════════════════════════════════════════════════════════════
  INTER-PRIMAL INTEGRATION SUMMARY
═══════════════════════════════════════════════════════════════

Integration Traits:
  • CommitAcceptor: Ephemeral sessions → LoamSpine entries
  • BraidAcceptor: Semantic braids → LoamSpine entries
  • Signer/Verifier: Crypto via capability registry

Architecture Principles:
  • Runtime discovery (no compile-time coupling)
  • Capability-based integration (no hardcoded primal names)
  • Graceful degradation when services unavailable
  • Zero vendor lock-in

🎉 Success!
===========
You've seen inter-primal integration in action.

When real primals are connected:
  • Ephemeral primals dehydrate sessions → LoamSpine commits
  • Attribution primals create braids → LoamSpine commits
  • Signing primals provide crypto via capability registry
